<?xml version="1.0" encoding="UTF-8"?>
<!-- Generated by org.testng.reporters.JUnitReportReporter -->
<testsuite hostname="SarthakSyduAIO" failures="0" tests="1" name="testcases.TNLogin" time="11.678" errors="0" timestamp="2023-04-16T08:17:03 EDT" skipped="0">
  <testcase classname="testcases.TNLogin" name="clickOnLogoutLink" time="11.678"/>
  <system-out/>
</testsuite> <!-- testcases.TNLogin -->
