<?xml version="1.0" encoding="UTF-8"?>
<!-- Generated by org.testng.reporters.JUnitReportReporter -->
<testsuite hostname="SarthakSyduAIO" failures="0" tests="1" name="testcases.TNRegister" time="15.925" errors="0" timestamp="2023-04-16T08:13:47 EDT" skipped="0">
  <testcase classname="testcases.TNRegister" name="registerPage" time="15.925"/>
  <system-out/>
</testsuite> <!-- testcases.TNRegister -->
